[2024-11-08 15:49:57] SYSTEM: Server started on port 8080
[2024-11-08 15:59:09] SYSTEM: Server started on port 8080
[2024-11-08 16:01:31] SYSTEM: Server started on port 8080
[2024-11-08 16:04:11] SYSTEM: Server started on port 8080
[2024-11-08 16:11:12] SYSTEM: Server started on port 8080
[2024-11-08 16:32:39] SYSTEM: Server started on port 8080
[2024-11-08 17:38:46] SYSTEM: Server started on port 8080
[2024-11-08 17:41:34] SYSTEM: Server started on port 8080
[2024-11-08 17:43:45] SYSTEM: Server started on port 8080
[2024-11-08 17:44:43] SYSTEM: Server started on port 8080
[2024-11-08 17:45:55] SYSTEM: Server started on port 8080
[2024-11-08 17:56:49] SYSTEM: Server started on port 8080
[2024-11-08 18:03:26] SYSTEM: Server started on port 8080
[2024-11-08 18:17:05] SYSTEM: Server started on port 8080
[2024-11-08 18:47:38] SYSTEM: Server started on port 8080
[2024-11-08 18:52:00] SYSTEM: Server started on port 8080
[2024-11-08 18:57:48] SYSTEM: Server started on port 8080
[2024-11-08 18:58:13] User admin_id: LOGIN - User logged in
[2024-11-08 19:11:56] SYSTEM: Server started on port 8080
[2024-11-08 19:12:07] User admin_id: LOGIN - User logged in
[2024-11-08 19:14:26] SYSTEM: Server started on port 8080
[2024-11-08 19:14:36] User admin_id: LOGIN - User logged in
[2024-11-09 11:11:30] SYSTEM: Server started on port 8080
[2024-11-09 11:11:47] User admin_id: LOGIN - User logged in
[2024-11-09 11:13:26] SYSTEM: Server started on port 8080
[2024-11-09 11:13:38] User admin_id: LOGIN - User logged in
[2024-11-09 11:35:15] SYSTEM: Server started on port 8080
[2024-11-09 11:35:28] User admin_id: LOGIN - User logged in
[2024-11-09 11:37:57] User admin_id: LOGIN - User logged in
[2024-11-09 11:39:10] User admin_id: LOGIN - User logged in
[2024-11-09 11:41:18] User admin_id: LOGIN - User logged in
[2024-11-09 11:43:27] SYSTEM: Server started on port 8080
[2024-11-09 11:43:38] User admin_id: LOGIN - User logged in
[2024-11-09 11:48:11] User admin_id: LOGIN - User logged in
[2024-11-09 11:48:43] User admin_id: LOGIN - User logged in
[2024-11-09 11:52:06] User admin_id: LOGIN - User logged in
[2024-11-11 10:55:00] SYSTEM: Server started on port 8080
[2024-11-11 10:55:15] User admin_id: LOGIN - User logged in
[2024-11-11 10:56:09] User admin_id: LOGIN - User logged in
[2024-11-12 14:29:07] SYSTEM: Server started on port 8080
[2024-11-12 14:29:26] User admin_id: LOGIN - User logged in
[2024-11-12 16:01:28] SYSTEM: Server started on port 8080
[2024-11-12 16:01:54] User admin_id: LOGIN - User logged in
[2024-11-18 10:16:16] SYSTEM: Server started on port 8080
[2024-11-18 10:16:38] User admin_id: LOGIN - User logged in
[2024-11-23 18:15:28] SYSTEM: Server started on port 8080
[2024-11-23 18:16:08] User Admin1: LOGIN - User logged in
[2024-11-23 18:16:25] User Admin1: LOGIN - User logged in
[2024-11-23 18:18:32] User Admin1: LOGIN - User logged in
[2024-11-23 18:37:27] User Admin1: LOGIN - User logged in
[2024-11-23 18:46:54] User Admin1: LOGIN - User logged in
[2024-11-23 18:47:45] User Admin1: LOGIN - User logged in
[2024-11-23 18:49:31] User Admin1: LOGIN - User logged in
[2024-11-23 18:49:35] User Admin1: GET_NOTIFICATIONS - Retrieved 0 notifications
[2024-11-23 18:55:20] User Admin1: LOGIN - User logged in
[2024-11-25 18:09:31] SYSTEM: Server started on port 8080
[2024-11-25 18:09:47] User Admin1: LOGIN - User logged in
[2024-11-25 18:47:29] SYSTEM: Server started on port 8080
[2024-11-25 18:47:44] User Admin1: LOGIN - User logged in
[2024-11-25 18:57:53] User Admin1: LOGIN - User logged in
[2024-11-25 18:59:27] User Admin1: LOGIN - User logged in
[2024-11-25 19:00:54] User Admin1: LOGIN - User logged in
[2024-11-25 19:03:12] User Admin1: LOGIN - User logged in
[2024-11-25 19:17:53] SYSTEM: Server started on port 8080
[2024-11-25 19:18:02] User Admin1: LOGIN - User logged in
[2024-11-25 19:19:31] SYSTEM: Server started on port 8080
[2024-11-25 19:19:43] User Admin1: LOGIN - User logged in
[2024-12-07 16:36:40] SYSTEM: Server started on port 8080
[2024-12-07 17:00:54] User Admin1: LOGIN - User logged in
[2024-12-07 17:01:26] User Admin1: LOGIN - User logged in
[2024-12-07 17:02:31] User Admin1: LOGIN - User logged in
[2024-12-07 17:02:37] User Admin1: GET_NOTIFICATIONS - Retrieved 0 notifications
[2024-12-07 17:06:48] User Admin1: LOGIN - User logged in
[2024-12-07 17:09:50] SYSTEM: Server started on port 8080
[2024-12-07 17:10:17] User Admin1: LOGIN - User logged in
[2024-12-07 17:14:36] SYSTEM: Server started on port 8080
[2024-12-07 17:14:42] SYSTEM: Server started on port 8080
[2024-12-07 17:14:59] User Admin1: LOGIN - User logged in
[2024-12-07 17:19:32] User Admin1: LOGIN - User logged in
[2024-12-07 17:21:24] SYSTEM: Server started on port 8080
[2024-12-07 17:21:41] User Admin1: LOGIN - User logged in
[2024-12-10 19:40:47] SYSTEM: Server started on port 8080
[2024-12-10 19:41:20] User Admin1: LOGIN - User logged in
[2024-12-10 19:45:21] User Admin1: LOGIN - User logged in
[2024-12-10 20:05:41] SYSTEM: Server started on port 8080
[2024-12-10 20:14:48] User Admin1: LOGIN - User logged in
[2024-12-10 20:14:59] User Admin1: LOGOUT - User logged out
[2024-12-10 20:15:15] User Admin1: LOGIN - User logged in
[2024-12-10 20:17:39] User Admin1: LOGIN - User logged in
[2024-12-10 20:20:45] SYSTEM: Server started on port 8080
[2024-12-10 20:21:05] User Admin1: LOGIN - User logged in
[2024-12-10 20:26:16] User Admin1: LOGIN - User logged in
[2024-12-10 20:26:50] User Admin1: SEND_MESSAGE - Message sent to admin_id
[2024-12-10 20:29:18] User Admin1: LOGIN - User logged in
[2024-12-10 20:29:20] User Admin1: GET_MESSAGES - Retrieved 0 messages
[2024-12-11 13:02:43] SYSTEM: Server started on port 8080
[2024-12-11 13:03:31] User Admin1: LOGIN - User logged in
[2024-12-11 13:04:21] User Admin1: LOGOUT - User logged out
[2024-12-11 14:00:13] SYSTEM: Server started on port 8080
[2024-12-11 14:01:16] User Admin1: LOGIN - User logged in
[2024-12-11 14:01:32] User Admin1: SEND_MESSAGE - Message sent to ttt
[2024-12-13 00:38:40] SYSTEM: Server started on port 8080
[2024-12-13 00:38:56] User Admin1: LOGIN - User logged in
[2024-12-13 00:39:00] User Admin1: LOGOUT - User logged out
[2024-12-13 00:39:07] User Admin1: LOGIN - User logged in
[2024-12-13 00:43:55] User Admin1: LOGIN - User logged in
[2024-12-13 00:44:02] User Admin1: CREATE_CHANNEL - Created channel CHANNEL_1
[2024-12-13 00:45:19] SYSTEM: Server started on port 8080
[2024-12-13 00:45:39] User Admin1: LOGIN - User logged in
[2024-12-13 00:45:48] User Admin1: GET_MESSAGES - Retrieved 0 messages
[2024-12-13 00:46:15] User Admin1: CREATE_CHANNEL - Created channel CHANNEL_1
[2024-12-13 00:49:18] User Admin1: LOGIN - User logged in
[2024-12-13 00:50:47] User Admin1: LOGIN - User logged in
[2024-12-13 00:52:44] User Admin1: LOGIN - User logged in
[2024-12-13 00:59:33] SYSTEM: Server started on port 8080
[2024-12-13 00:59:47] User Admin1: LOGIN - User logged in
[2024-12-13 01:02:53] User Admin1: LOGIN - User logged in
[2024-12-13 01:05:24] User Admin1: LOGIN - User logged in
[2024-12-13 01:07:56] User Admin1: LOGIN - User logged in
[2024-12-13 01:26:23] SYSTEM: Server started on port 8080
[2024-12-13 01:28:37] User Admin1: LOGIN - User logged in
[2024-12-13 01:28:41] User Admin1: GET_MESSAGES - Retrieved 0 messages
[2024-12-13 01:28:58] User Admin1: SEND_MESSAGE - Message sent to admin
[2024-12-13 01:29:03] User Admin1: GET_MESSAGES - Retrieved 0 messages
[2024-12-13 01:34:42] SYSTEM: Server started on port 8080
[2024-12-13 01:43:10] SYSTEM: Server started on port 8080
[2024-12-13 01:48:39] SYSTEM: Server started on port 8080
[2024-12-13 01:48:58] User Admin1: LOGIN - User logged in
[2024-12-13 01:49:22] User Admin1: GET_MESSAGES - Retrieved 0 messages
[2024-12-13 01:49:32] User Admin1: LOGOUT - User logged out
[2024-12-13 09:17:45] SYSTEM: Server started on port 8080
[2024-12-13 10:38:31] SYSTEM: Server started on port 8080
[2024-12-13 10:39:41] SYSTEM: Server started on port 8080
[2024-12-13 11:20:21] SYSTEM: Server started on port 8080
[2024-12-13 12:39:24] SYSTEM: Server started on port 8080
[2024-12-13 13:39:47] SYSTEM: Server started on port 8080
[2024-12-13 14:08:10] SYSTEM: Server started on port 8080
[2024-12-13 18:22:43] SYSTEM: Server started on port 8080
[2024-12-13 18:26:50] SYSTEM: Server started on port 8080
[2024-12-13 18:40:01] SYSTEM: Server started on port 8080
[2024-12-13 19:45:13] SYSTEM: Server started on port 8080
[2024-12-14 14:10:28] SYSTEM: Server started on port 8080
[2024-12-14 14:11:00] User Admin1: LOGIN - User logged in
[2024-12-14 14:16:01] User Admin1: LOGIN - User logged in
[2024-12-14 14:19:30] User Admin1: LOGIN - User logged in
[2024-12-14 14:33:10] User Admin1: LOGIN - User logged in
[2024-12-14 14:43:19] User Admin1: LOGIN - User logged in
[2024-12-14 14:45:02] User Admin1: LOGIN - User logged in
[2024-12-14 14:52:08] User Admin1: LOGIN - User logged in
[2024-12-14 14:55:06] User Admin1: LOGIN - User logged in
[2024-12-14 14:58:38] User Admin1: LOGIN - User logged in
[2024-12-14 15:00:05] User Admin1: LOGIN - User logged in
[2024-12-14 15:02:53] User Admin1: LOGIN - User logged in
[2024-12-14 15:04:43] User Admin1: LOGIN - User logged in
[2024-12-14 15:09:45] User Admin1: LOGIN - User logged in
[2024-12-14 15:16:29] User Admin1: LOGIN - User logged in
[2024-12-14 15:18:12] User Admin1: LOGIN - User logged in
[2024-12-14 15:20:09] User Admin1: LOGIN - User logged in
[2024-12-14 15:27:34] User Admin1: LOGIN - User logged in
[2024-12-14 15:28:20] User Admin1: LOGIN - User logged in
[2024-12-14 15:30:01] User Admin1: LOGIN - User logged in
[2024-12-14 15:34:12] User Admin1: LOGIN - User logged in
[2024-12-14 15:35:01] User Admin1: LOGIN - User logged in
[2024-12-14 15:36:31] User Admin1: LOGIN - User logged in
[2024-12-14 15:40:13] User Admin1: LOGIN - User logged in
[2024-12-14 15:41:00] User Admin1: LOGIN - User logged in
[2024-12-14 15:51:05] User Admin1: LOGIN - User logged in
[2024-12-14 15:54:20] User Admin1: LOGIN - User logged in
[2024-12-14 15:58:39] User Admin1: LOGIN - User logged in
[2024-12-14 16:01:36] User Admin1: LOGIN - User logged in
[2024-12-14 16:03:26] User Admin1: LOGIN - User logged in
[2024-12-14 16:05:12] User Admin1: LOGIN - User logged in
[2024-12-14 16:08:55] User Admin1: LOGIN - User logged in
[2024-12-14 16:10:42] User Admin1: LOGIN - User logged in
[2024-12-14 16:13:11] User Admin1: LOGIN - User logged in
[2024-12-14 16:14:56] User Admin1: LOGIN - User logged in
[2024-12-14 16:19:54] User Admin1: LOGIN - User logged in
[2024-12-14 16:20:22] SYSTEM: Server started on port 8080
[2024-12-14 16:20:39] User Admin1: LOGIN - User logged in
[2024-12-15 12:23:56] SYSTEM: Server started on port 8080
[2024-12-15 12:24:17] User Admin1: LOGIN - User logged in
[2024-12-15 12:25:35] SYSTEM: Server started on port 8080
[2024-12-15 12:25:51] User Admin1: LOGIN - User logged in
[2024-12-15 12:29:07] SYSTEM: Server started on port 8080
[2024-12-15 12:29:22] User Admin1: LOGIN - User logged in
[2024-12-15 12:33:22] SYSTEM: Server started on port 8080
[2024-12-15 12:35:15] SYSTEM: Server started on port 8080
[2024-12-15 12:36:18] SYSTEM: Server started on port 8080
[2024-12-15 12:38:23] SYSTEM: Server started on port 8080
[2024-12-15 12:38:35] User Admin1: LOGIN - User logged in
[2024-12-15 12:40:55] SYSTEM: Server started on port 8080
[2024-12-15 12:41:27] SYSTEM: Server started on port 8080
[2024-12-15 12:47:25] SYSTEM: Server started on port 8080
[2024-12-15 12:51:33] SYSTEM: Server started on port 8080
[2024-12-15 16:52:35] SYSTEM: Server started on port 8080
[2024-12-15 17:18:44] SYSTEM: Server started on port 8080
[2024-12-15 17:29:14] SYSTEM: Server started on port 8080
[2024-12-15 17:40:36] SYSTEM: Server started on port 8080
[2024-12-15 17:42:38] SYSTEM: Server started on port 8080
[2024-12-15 17:46:39] SYSTEM: Server started on port 8080
